# JRE version: OpenJDK Runtime Environment (8.0_151-b12) (build 1.8.0_151-8u151-b12-0ubuntu0.17.10.2-b12)
# Java VM: OpenJDK 64-Bit Server VM (25.151-b12 mixed mode linux-amd64 compressed oops)
Heap:
 PSYoungGen      total 107520K, used 0K [0x00000000d7d80000, 0x00000000de800000, 0x0000000100000000)
  eden space 103936K, 0% used [0x00000000d7d80000,0x00000000d7d80000,0x00000000de300000)
  from space 3584K, 0% used [0x00000000de480000,0x00000000de480000,0x00000000de800000)
  to   space 1536K, 0% used [0x00000000de300000,0x00000000de300000,0x00000000de480000)
 ParOldGen       total 782336K, used 617092K [0x0000000087800000, 0x00000000b7400000, 0x00000000d7d80000)
  object space 782336K, 78% used [0x0000000087800000,0x00000000ad2a13d0,0x00000000b7400000)
 Metaspace       used 6433K, capacity 6616K, committed 6784K, reserved 1056768K
  class space    used 737K, capacity 806K, committed 896K, reserved 1048576K
GC Heap History (10 events):
Event: 3.408 GC heap before
{Heap before GC invocations=5 (full 1):
 PSYoungGen      total 36352K, used 96K [0x00000000d7d80000, 0x00000000dc480000, 0x0000000100000000)
  eden space 31232K, 0% used [0x00000000d7d80000,0x00000000d7d80000,0x00000000d9c00000)
  from space 5120K, 1% used [0x00000000d9c00000,0x00000000d9c18000,0x00000000da100000)
  to   space 5120K, 0% used [0x00000000dbf80000,0x00000000dbf80000,0x00000000dc480000)
 ParOldGen       total 1316352K, used 1192142K [0x0000000087800000, 0x00000000d7d80000, 0x00000000d7d80000)
  object space 1316352K, 90% used [0x0000000087800000,0x00000000d0433860,0x00000000d7d80000)
 Metaspace       used 6433K, capacity 6616K, committed 6784K, reserved 1056768K
  class space    used 737K, capacity 806K, committed 896K, reserved 1048576K
Event: 4.182 GC heap after
Heap after GC invocations=5 (full 1):
 PSYoungGen      total 67584K, used 160K [0x00000000d7d80000, 0x00000000dc480000, 0x0000000100000000)
  eden space 62464K, 0% used [0x00000000d7d80000,0x00000000d7d80000,0x00000000dba80000)
  from space 5120K, 3% used [0x00000000dbf80000,0x00000000dbfa8000,0x00000000dc480000)
  to   space 5120K, 0% used [0x00000000dba80000,0x00000000dba80000,0x00000000dbf80000)
 ParOldGen       total 1316352K, used 1192142K [0x0000000087800000, 0x00000000d7d80000, 0x00000000d7d80000)
  object space 1316352K, 90% used [0x0000000087800000,0x00000000d0433860,0x00000000d7d80000)
 Metaspace       used 6433K, capacity 6616K, committed 6784K, reserved 1056768K
  class space    used 737K, capacity 806K, committed 896K, reserved 1048576K
}
Event: 4.182 GC heap before
{Heap before GC invocations=6 (full 2):
 PSYoungGen      total 67584K, used 160K [0x00000000d7d80000, 0x00000000dc480000, 0x0000000100000000)
  eden space 62464K, 0% used [0x00000000d7d80000,0x00000000d7d80000,0x00000000dba80000)
  from space 5120K, 3% used [0x00000000dbf80000,0x00000000dbfa8000,0x00000000dc480000)
  to   space 5120K, 0% used [0x00000000dba80000,0x00000000dba80000,0x00000000dbf80000)
 ParOldGen       total 1316352K, used 1192142K [0x0000000087800000, 0x00000000d7d80000, 0x00000000d7d80000)
  object space 1316352K, 90% used [0x0000000087800000,0x00000000d0433860,0x00000000d7d80000)
 Metaspace       used 6433K, capacity 6616K, committed 6784K, reserved 1056768K
  class space    used 737K, capacity 806K, committed 896K, reserved 1048576K
Event: 5.422 GC heap after
Heap after GC invocations=6 (full 2):
 PSYoungGen      total 67584K, used 0K [0x00000000d7d80000, 0x00000000dc480000, 0x0000000100000000)
  eden space 62464K, 0% used [0x00000000d7d80000,0x00000000d7d80000,0x00000000dba80000)
  from space 5120K, 0% used [0x00000000dbf80000,0x00000000dbf80000,0x00000000dc480000)
  to   space 5120K, 0% used [0x00000000dba80000,0x00000000dba80000,0x00000000dbf80000)
 ParOldGen       total 520704K, used 411786K [0x0000000087800000, 0x00000000a7480000, 0x00000000d7d80000)
  object space 520704K, 79% used [0x0000000087800000,0x00000000a0a22a28,0x00000000a7480000)
 Metaspace       used 6433K, capacity 6616K, committed 6784K, reserved 1056768K
  class space    used 737K, capacity 806K, committed 896K, reserved 1048576K
}
Event: 5.891 GC heap before
{Heap before GC invocations=7 (full 2):
 PSYoungGen      total 67584K, used 1249K [0x00000000d7d80000, 0x00000000dc480000, 0x0000000100000000)
  eden space 62464K, 2% used [0x00000000d7d80000,0x00000000d7eb8528,0x00000000dba80000)
  from space 5120K, 0% used [0x00000000dbf80000,0x00000000dbf80000,0x00000000dc480000)
  to   space 5120K, 0% used [0x00000000dba80000,0x00000000dba80000,0x00000000dbf80000)
 ParOldGen       total 1316352K, used 1027821K [0x0000000087800000, 0x00000000d7d80000, 0x00000000d7d80000)
  object space 1316352K, 78% used [0x0000000087800000,0x00000000c63bb568,0x00000000d7d80000)
 Metaspace       used 6433K, capacity 6616K, committed 6784K, reserved 1056768K
  class space    used 737K, capacity 806K, committed 896K, reserved 1048576K
Event: 5.994 GC heap after
Heap after GC invocations=7 (full 2):
 PSYoungGen      total 67584K, used 0K [0x00000000d7d80000, 0x00000000de980000, 0x0000000100000000)
  eden space 62464K, 0% used [0x00000000d7d80000,0x00000000d7d80000,0x00000000dba80000)
  from space 5120K, 0% used [0x00000000dba80000,0x00000000dba80000,0x00000000dbf80000)
  to   space 5120K, 0% used [0x00000000de480000,0x00000000de480000,0x00000000de980000)
 ParOldGen       total 1316352K, used 1027821K [0x0000000087800000, 0x00000000d7d80000, 0x00000000d7d80000)
  object space 1316352K, 78% used [0x0000000087800000,0x00000000c63bb568,0x00000000d7d80000)
 Metaspace       used 6433K, capacity 6616K, committed 6784K, reserved 1056768K
  class space    used 737K, capacity 806K, committed 896K, reserved 1048576K
}
Event: 5.994 GC heap before
{Heap before GC invocations=8 (full 2):
 PSYoungGen      total 67584K, used 0K [0x00000000d7d80000, 0x00000000de980000, 0x0000000100000000)
  eden space 62464K, 0% used [0x00000000d7d80000,0x00000000d7d80000,0x00000000dba80000)
  from space 5120K, 0% used [0x00000000dba80000,0x00000000dba80000,0x00000000dbf80000)
  to   space 5120K, 0% used [0x00000000de480000,0x00000000de480000,0x00000000de980000)
 ParOldGen       total 1316352K, used 1027821K [0x0000000087800000, 0x00000000d7d80000, 0x00000000d7d80000)
  object space 1316352K, 78% used [0x0000000087800000,0x00000000c63bb568,0x00000000d7d80000)
 Metaspace       used 6433K, capacity 6616K, committed 6784K, reserved 1056768K
  class space    used 737K, capacity 806K, committed 896K, reserved 1048576K
Event: 6.096 GC heap after
Heap after GC invocations=8 (full 2):
 PSYoungGen      total 107520K, used 0K [0x00000000d7d80000, 0x00000000de800000, 0x0000000100000000)
  eden space 103936K, 0% used [0x00000000d7d80000,0x00000000d7d80000,0x00000000de300000)
  from space 3584K, 0% used [0x00000000de480000,0x00000000de480000,0x00000000de800000)
  to   space 1536K, 0% used [0x00000000de300000,0x00000000de300000,0x00000000de480000)
 ParOldGen       total 1316352K, used 1027821K [0x0000000087800000, 0x00000000d7d80000, 0x00000000d7d80000)
  object space 1316352K, 78% used [0x0000000087800000,0x00000000c63bb568,0x00000000d7d80000)
 Metaspace       used 6433K, capacity 6616K, committed 6784K, reserved 1056768K
  class space    used 737K, capacity 806K, committed 896K, reserved 1048576K
}
Event: 6.096 GC heap before
{Heap before GC invocations=9 (full 3):
 PSYoungGen      total 107520K, used 0K [0x00000000d7d80000, 0x00000000de800000, 0x0000000100000000)
  eden space 103936K, 0% used [0x00000000d7d80000,0x00000000d7d80000,0x00000000de300000)
  from space 3584K, 0% used [0x00000000de480000,0x00000000de480000,0x00000000de800000)
  to   space 1536K, 0% used [0x00000000de300000,0x00000000de300000,0x00000000de480000)
 ParOldGen       total 1316352K, used 1027821K [0x0000000087800000, 0x00000000d7d80000, 0x00000000d7d80000)
  object space 1316352K, 78% used [0x0000000087800000,0x00000000c63bb568,0x00000000d7d80000)
 Metaspace       used 6433K, capacity 6616K, committed 6784K, reserved 1056768K
  class space    used 737K, capacity 806K, committed 896K, reserved 1048576K
Event: 18.829 GC heap after
Heap after GC invocations=9 (full 3):
 PSYoungGen      total 107520K, used 0K [0x00000000d7d80000, 0x00000000de800000, 0x0000000100000000)
  eden space 103936K, 0% used [0x00000000d7d80000,0x00000000d7d80000,0x00000000de300000)
  from space 3584K, 0% used [0x00000000de480000,0x00000000de480000,0x00000000de800000)
  to   space 1536K, 0% used [0x00000000de300000,0x00000000de300000,0x00000000de480000)
 ParOldGen       total 782336K, used 617092K [0x0000000087800000, 0x00000000b7400000, 0x00000000d7d80000)
  object space 782336K, 78% used [0x0000000087800000,0x00000000ad2a13d0,0x00000000b7400000)
 Metaspace       used 6433K, capacity 6616K, committed 6784K, reserved 1056768K
  class space    used 737K, capacity 806K, committed 896K, reserved 1048576K
}

